<?xml version="1.0" encoding="UTF-8"?>
<testng-results ignored="0" total="1" passed="1" failed="0" skipped="0">
  <reporter-output>
  </reporter-output>
  <suite started-at="2025-09-20T09:33:21 IST" name="Default suite" finished-at="2025-09-20T09:33:21 IST" duration-ms="98">
    <groups>
    </groups>
    <test started-at="2025-09-20T09:33:21 IST" name="Default test" finished-at="2025-09-20T09:33:21 IST" duration-ms="98">
      <class name="demo.GitBranchPrac">
        <test-method signature="branchPrac()[pri:0, instance:demo.GitBranchPrac@3eb25e1a]" started-at="2025-09-20T09:33:21 IST" name="branchPrac" finished-at="2025-09-20T09:33:21 IST" duration-ms="15" status="PASS">
          <reporter-output>
          </reporter-output>
        </test-method> <!-- branchPrac -->
      </class> <!-- demo.GitBranchPrac -->
    </test> <!-- Default test -->
  </suite> <!-- Default suite -->
</testng-results>
